

Started GET "/" for ::1 at 2015-08-11 13:08:20 -0400
  [1m[36mActiveRecord::SchemaMigration Load (0.1ms)[0m  [1mSELECT "schema_migrations".* FROM "schema_migrations"[0m
Processing by HomeController#index as HTML
  [1m[35mUser Load (0.3ms)[0m  SELECT  "users".* FROM "users" WHERE "users"."id" = ?  ORDER BY "users"."id" ASC LIMIT 1  [["id", 10]]
  Rendered home/index.html.erb within layouts/application (51.9ms)
Completed 200 OK in 942ms (Views: 923.9ms | ActiveRecord: 1.0ms)


Started GET "/assets/addresses.self-e3b0c44298fc1c149afbf4c8996fb92427ae41e4649b934ca495991b7852b855.css?body=1" for ::1 at 2015-08-11 13:08:21 -0400


Started GET "/assets/histories.self-e3b0c44298fc1c149afbf4c8996fb92427ae41e4649b934ca495991b7852b855.css?body=1" for ::1 at 2015-08-11 13:08:21 -0400


Started GET "/assets/verifications.self-e3b0c44298fc1c149afbf4c8996fb92427ae41e4649b934ca495991b7852b855.css?body=1" for ::1 at 2015-08-11 13:08:21 -0400


Started GET "/assets/users.self-e3b0c44298fc1c149afbf4c8996fb92427ae41e4649b934ca495991b7852b855.css?body=1" for ::1 at 2015-08-11 13:08:21 -0400


Started GET "/assets/wine_faucet.self-e3b0c44298fc1c149afbf4c8996fb92427ae41e4649b934ca495991b7852b855.css?body=1" for ::1 at 2015-08-11 13:08:22 -0400


Started GET "/assets/transactions.self-e3b0c44298fc1c149afbf4c8996fb92427ae41e4649b934ca495991b7852b855.css?body=1" for ::1 at 2015-08-11 13:08:22 -0400


Started GET "/assets/slider.css" for ::1 at 2015-08-11 13:08:22 -0400


Started GET "/fonts/fontawesome-webfont.woff?v=4.3.0" for ::1 at 2015-08-11 13:08:22 -0400

ActionController::RoutingError (No route matches [GET] "/fonts/fontawesome-webfont.woff"):
  actionpack (4.2.0) lib/action_dispatch/middleware/debug_exceptions.rb:21:in `call'
  web-console (2.2.1) lib/web_console/middleware.rb:39:in `call'
  actionpack (4.2.0) lib/action_dispatch/middleware/show_exceptions.rb:30:in `call'
  railties (4.2.0) lib/rails/rack/logger.rb:38:in `call_app'
  railties (4.2.0) lib/rails/rack/logger.rb:20:in `block in call'
  activesupport (4.2.0) lib/active_support/tagged_logging.rb:68:in `block in tagged'
  activesupport (4.2.0) lib/active_support/tagged_logging.rb:26:in `tagged'
  activesupport (4.2.0) lib/active_support/tagged_logging.rb:68:in `tagged'
  railties (4.2.0) lib/rails/rack/logger.rb:20:in `call'
  actionpack (4.2.0) lib/action_dispatch/middleware/request_id.rb:21:in `call'
  rack (1.6.4) lib/rack/methodoverride.rb:22:in `call'
  rack (1.6.4) lib/rack/runtime.rb:18:in `call'
  activesupport (4.2.0) lib/active_support/cache/strategy/local_cache_middleware.rb:28:in `call'
  rack (1.6.4) lib/rack/lock.rb:17:in `call'
  actionpack (4.2.0) lib/action_dispatch/middleware/static.rb:113:in `call'
  rack (1.6.4) lib/rack/sendfile.rb:113:in `call'
  railties (4.2.0) lib/rails/engine.rb:518:in `call'
  railties (4.2.0) lib/rails/application.rb:164:in `call'
  rack (1.6.4) lib/rack/lock.rb:17:in `call'
  rack (1.6.4) lib/rack/content_length.rb:15:in `call'
  rack (1.6.4) lib/rack/handler/webrick.rb:88:in `service'
  /Users/davidperel/.rvm/rubies/ruby-2.2.1/lib/ruby/2.2.0/webrick/httpserver.rb:138:in `service'
  /Users/davidperel/.rvm/rubies/ruby-2.2.1/lib/ruby/2.2.0/webrick/httpserver.rb:94:in `run'
  /Users/davidperel/.rvm/rubies/ruby-2.2.1/lib/ruby/2.2.0/webrick/server.rb:294:in `block in start_thread'


  Rendered /Users/davidperel/.rvm/gems/ruby-2.2.1/gems/actionpack-4.2.0/lib/action_dispatch/middleware/templates/rescues/_trace.html.erb (1.8ms)
  Rendered /Users/davidperel/.rvm/gems/ruby-2.2.1/gems/actionpack-4.2.0/lib/action_dispatch/middleware/templates/routes/_route.html.erb (4.2ms)
  Rendered /Users/davidperel/.rvm/gems/ruby-2.2.1/gems/actionpack-4.2.0/lib/action_dispatch/middleware/templates/routes/_table.html.erb (6.3ms)
  Rendered /Users/davidperel/.rvm/gems/ruby-2.2.1/gems/actionpack-4.2.0/lib/action_dispatch/middleware/templates/rescues/_request_and_response.html.erb (1.2ms)
  Rendered /Users/davidperel/.rvm/gems/ruby-2.2.1/gems/actionpack-4.2.0/lib/action_dispatch/middleware/templates/rescues/routing_error.html.erb within rescues/layout (109.3ms)
  Rendered /Users/davidperel/.rvm/gems/ruby-2.2.1/gems/web-console-2.2.1/lib/web_console/templates/_markup.html.erb (0.3ms)
  Rendered /Users/davidperel/.rvm/gems/ruby-2.2.1/gems/web-console-2.2.1/lib/web_console/templates/_inner_console_markup.html.erb within layouts/inlined_string (0.3ms)
  Rendered /Users/davidperel/.rvm/gems/ruby-2.2.1/gems/web-console-2.2.1/lib/web_console/templates/_prompt_box_markup.html.erb within layouts/inlined_string (0.3ms)
  Rendered /Users/davidperel/.rvm/gems/ruby-2.2.1/gems/web-console-2.2.1/lib/web_console/templates/style.css.erb within layouts/inlined_string (0.4ms)
  Rendered /Users/davidperel/.rvm/gems/ruby-2.2.1/gems/web-console-2.2.1/lib/web_console/templates/console.js.erb within layouts/javascript (49.9ms)
  Rendered /Users/davidperel/.rvm/gems/ruby-2.2.1/gems/web-console-2.2.1/lib/web_console/templates/main.js.erb within layouts/javascript (0.3ms)
  Rendered /Users/davidperel/.rvm/gems/ruby-2.2.1/gems/web-console-2.2.1/lib/web_console/templates/error_page.js.erb within layouts/javascript (0.4ms)
  Rendered /Users/davidperel/.rvm/gems/ruby-2.2.1/gems/web-console-2.2.1/lib/web_console/templates/index.html.erb (107.1ms)


Started GET "/fonts/et-line.woff" for ::1 at 2015-08-11 13:08:22 -0400

ActionController::RoutingError (No route matches [GET] "/fonts/et-line.woff"):
  actionpack (4.2.0) lib/action_dispatch/middleware/debug_exceptions.rb:21:in `call'
  web-console (2.2.1) lib/web_console/middleware.rb:39:in `call'
  actionpack (4.2.0) lib/action_dispatch/middleware/show_exceptions.rb:30:in `call'
  railties (4.2.0) lib/rails/rack/logger.rb:38:in `call_app'
  railties (4.2.0) lib/rails/rack/logger.rb:20:in `block in call'
  activesupport (4.2.0) lib/active_support/tagged_logging.rb:68:in `block in tagged'
  activesupport (4.2.0) lib/active_support/tagged_logging.rb:26:in `tagged'
  activesupport (4.2.0) lib/active_support/tagged_logging.rb:68:in `tagged'
  railties (4.2.0) lib/rails/rack/logger.rb:20:in `call'
  actionpack (4.2.0) lib/action_dispatch/middleware/request_id.rb:21:in `call'
  rack (1.6.4) lib/rack/methodoverride.rb:22:in `call'
  rack (1.6.4) lib/rack/runtime.rb:18:in `call'
  activesupport (4.2.0) lib/active_support/cache/strategy/local_cache_middleware.rb:28:in `call'
  rack (1.6.4) lib/rack/lock.rb:17:in `call'
  actionpack (4.2.0) lib/action_dispatch/middleware/static.rb:113:in `call'
  rack (1.6.4) lib/rack/sendfile.rb:113:in `call'
  railties (4.2.0) lib/rails/engine.rb:518:in `call'
  railties (4.2.0) lib/rails/application.rb:164:in `call'
  rack (1.6.4) lib/rack/lock.rb:17:in `call'
  rack (1.6.4) lib/rack/content_length.rb:15:in `call'
  rack (1.6.4) lib/rack/handler/webrick.rb:88:in `service'
  /Users/davidperel/.rvm/rubies/ruby-2.2.1/lib/ruby/2.2.0/webrick/httpserver.rb:138:in `service'
  /Users/davidperel/.rvm/rubies/ruby-2.2.1/lib/ruby/2.2.0/webrick/httpserver.rb:94:in `run'
  /Users/davidperel/.rvm/rubies/ruby-2.2.1/lib/ruby/2.2.0/webrick/server.rb:294:in `block in start_thread'


  Rendered /Users/davidperel/.rvm/gems/ruby-2.2.1/gems/actionpack-4.2.0/lib/action_dispatch/middleware/templates/rescues/_trace.html.erb (1.3ms)
  Rendered /Users/davidperel/.rvm/gems/ruby-2.2.1/gems/actionpack-4.2.0/lib/action_dispatch/middleware/templates/routes/_route.html.erb (3.5ms)
  Rendered /Users/davidperel/.rvm/gems/ruby-2.2.1/gems/actionpack-4.2.0/lib/action_dispatch/middleware/templates/routes/_table.html.erb (1.4ms)
  Rendered /Users/davidperel/.rvm/gems/ruby-2.2.1/gems/actionpack-4.2.0/lib/action_dispatch/middleware/templates/rescues/_request_and_response.html.erb (1.8ms)
  Rendered /Users/davidperel/.rvm/gems/ruby-2.2.1/gems/actionpack-4.2.0/lib/action_dispatch/middleware/templates/rescues/routing_error.html.erb within rescues/layout (81.7ms)
  Rendered /Users/davidperel/.rvm/gems/ruby-2.2.1/gems/web-console-2.2.1/lib/web_console/templates/_markup.html.erb (0.4ms)
  Rendered /Users/davidperel/.rvm/gems/ruby-2.2.1/gems/web-console-2.2.1/lib/web_console/templates/_inner_console_markup.html.erb within layouts/inlined_string (0.3ms)
  Rendered /Users/davidperel/.rvm/gems/ruby-2.2.1/gems/web-console-2.2.1/lib/web_console/templates/_prompt_box_markup.html.erb within layouts/inlined_string (0.3ms)
  Rendered /Users/davidperel/.rvm/gems/ruby-2.2.1/gems/web-console-2.2.1/lib/web_console/templates/style.css.erb within layouts/inlined_string (0.3ms)
  Rendered /Users/davidperel/.rvm/gems/ruby-2.2.1/gems/web-console-2.2.1/lib/web_console/templates/console.js.erb within layouts/javascript (45.9ms)
  Rendered /Users/davidperel/.rvm/gems/ruby-2.2.1/gems/web-console-2.2.1/lib/web_console/templates/main.js.erb within layouts/javascript (0.3ms)
  Rendered /Users/davidperel/.rvm/gems/ruby-2.2.1/gems/web-console-2.2.1/lib/web_console/templates/error_page.js.erb within layouts/javascript (0.4ms)
  Rendered /Users/davidperel/.rvm/gems/ruby-2.2.1/gems/web-console-2.2.1/lib/web_console/templates/index.html.erb (104.9ms)


Started GET "/fonts/fontawesome-webfont.ttf?v=4.3.0" for ::1 at 2015-08-11 13:08:22 -0400

ActionController::RoutingError (No route matches [GET] "/fonts/fontawesome-webfont.ttf"):
  actionpack (4.2.0) lib/action_dispatch/middleware/debug_exceptions.rb:21:in `call'
  web-console (2.2.1) lib/web_console/middleware.rb:39:in `call'
  actionpack (4.2.0) lib/action_dispatch/middleware/show_exceptions.rb:30:in `call'
  railties (4.2.0) lib/rails/rack/logger.rb:38:in `call_app'
  railties (4.2.0) lib/rails/rack/logger.rb:20:in `block in call'
  activesupport (4.2.0) lib/active_support/tagged_logging.rb:68:in `block in tagged'
  activesupport (4.2.0) lib/active_support/tagged_logging.rb:26:in `tagged'
  activesupport (4.2.0) lib/active_support/tagged_logging.rb:68:in `tagged'
  railties (4.2.0) lib/rails/rack/logger.rb:20:in `call'
  actionpack (4.2.0) lib/action_dispatch/middleware/request_id.rb:21:in `call'
  rack (1.6.4) lib/rack/methodoverride.rb:22:in `call'
  rack (1.6.4) lib/rack/runtime.rb:18:in `call'
  activesupport (4.2.0) lib/active_support/cache/strategy/local_cache_middleware.rb:28:in `call'
  rack (1.6.4) lib/rack/lock.rb:17:in `call'
  actionpack (4.2.0) lib/action_dispatch/middleware/static.rb:113:in `call'
  rack (1.6.4) lib/rack/sendfile.rb:113:in `call'
  railties (4.2.0) lib/rails/engine.rb:518:in `call'
  railties (4.2.0) lib/rails/application.rb:164:in `call'
  rack (1.6.4) lib/rack/lock.rb:17:in `call'
  rack (1.6.4) lib/rack/content_length.rb:15:in `call'
  rack (1.6.4) lib/rack/handler/webrick.rb:88:in `service'
  /Users/davidperel/.rvm/rubies/ruby-2.2.1/lib/ruby/2.2.0/webrick/httpserver.rb:138:in `service'
  /Users/davidperel/.rvm/rubies/ruby-2.2.1/lib/ruby/2.2.0/webrick/httpserver.rb:94:in `run'
  /Users/davidperel/.rvm/rubies/ruby-2.2.1/lib/ruby/2.2.0/webrick/server.rb:294:in `block in start_thread'


  Rendered /Users/davidperel/.rvm/gems/ruby-2.2.1/gems/actionpack-4.2.0/lib/action_dispatch/middleware/templates/rescues/_trace.html.erb (1.7ms)
  Rendered /Users/davidperel/.rvm/gems/ruby-2.2.1/gems/actionpack-4.2.0/lib/action_dispatch/middleware/templates/routes/_route.html.erb (3.6ms)
  Rendered /Users/davidperel/.rvm/gems/ruby-2.2.1/gems/actionpack-4.2.0/lib/action_dispatch/middleware/templates/routes/_table.html.erb (1.0ms)
  Rendered /Users/davidperel/.rvm/gems/ruby-2.2.1/gems/actionpack-4.2.0/lib/action_dispatch/middleware/templates/rescues/_request_and_response.html.erb (1.0ms)
  Rendered /Users/davidperel/.rvm/gems/ruby-2.2.1/gems/actionpack-4.2.0/lib/action_dispatch/middleware/templates/rescues/routing_error.html.erb within rescues/layout (116.2ms)
  Rendered /Users/davidperel/.rvm/gems/ruby-2.2.1/gems/web-console-2.2.1/lib/web_console/templates/_markup.html.erb (0.3ms)
  Rendered /Users/davidperel/.rvm/gems/ruby-2.2.1/gems/web-console-2.2.1/lib/web_console/templates/_inner_console_markup.html.erb within layouts/inlined_string (0.4ms)
  Rendered /Users/davidperel/.rvm/gems/ruby-2.2.1/gems/web-console-2.2.1/lib/web_console/templates/_prompt_box_markup.html.erb within layouts/inlined_string (0.3ms)
  Rendered /Users/davidperel/.rvm/gems/ruby-2.2.1/gems/web-console-2.2.1/lib/web_console/templates/style.css.erb within layouts/inlined_string (0.4ms)
  Rendered /Users/davidperel/.rvm/gems/ruby-2.2.1/gems/web-console-2.2.1/lib/web_console/templates/console.js.erb within layouts/javascript (56.1ms)
  Rendered /Users/davidperel/.rvm/gems/ruby-2.2.1/gems/web-console-2.2.1/lib/web_console/templates/main.js.erb within layouts/javascript (0.3ms)
  Rendered /Users/davidperel/.rvm/gems/ruby-2.2.1/gems/web-console-2.2.1/lib/web_console/templates/error_page.js.erb within layouts/javascript (0.4ms)
  Rendered /Users/davidperel/.rvm/gems/ruby-2.2.1/gems/web-console-2.2.1/lib/web_console/templates/index.html.erb (113.2ms)


Started GET "/fonts/et-line.ttf" for ::1 at 2015-08-11 13:08:23 -0400

ActionController::RoutingError (No route matches [GET] "/fonts/et-line.ttf"):
  actionpack (4.2.0) lib/action_dispatch/middleware/debug_exceptions.rb:21:in `call'
  web-console (2.2.1) lib/web_console/middleware.rb:39:in `call'
  actionpack (4.2.0) lib/action_dispatch/middleware/show_exceptions.rb:30:in `call'
  railties (4.2.0) lib/rails/rack/logger.rb:38:in `call_app'
  railties (4.2.0) lib/rails/rack/logger.rb:20:in `block in call'
  activesupport (4.2.0) lib/active_support/tagged_logging.rb:68:in `block in tagged'
  activesupport (4.2.0) lib/active_support/tagged_logging.rb:26:in `tagged'
  activesupport (4.2.0) lib/active_support/tagged_logging.rb:68:in `tagged'
  railties (4.2.0) lib/rails/rack/logger.rb:20:in `call'
  actionpack (4.2.0) lib/action_dispatch/middleware/request_id.rb:21:in `call'
  rack (1.6.4) lib/rack/methodoverride.rb:22:in `call'
  rack (1.6.4) lib/rack/runtime.rb:18:in `call'
  activesupport (4.2.0) lib/active_support/cache/strategy/local_cache_middleware.rb:28:in `call'
  rack (1.6.4) lib/rack/lock.rb:17:in `call'
  actionpack (4.2.0) lib/action_dispatch/middleware/static.rb:113:in `call'
  rack (1.6.4) lib/rack/sendfile.rb:113:in `call'
  railties (4.2.0) lib/rails/engine.rb:518:in `call'
  railties (4.2.0) lib/rails/application.rb:164:in `call'
  rack (1.6.4) lib/rack/lock.rb:17:in `call'
  rack (1.6.4) lib/rack/content_length.rb:15:in `call'
  rack (1.6.4) lib/rack/handler/webrick.rb:88:in `service'
  /Users/davidperel/.rvm/rubies/ruby-2.2.1/lib/ruby/2.2.0/webrick/httpserver.rb:138:in `service'
  /Users/davidperel/.rvm/rubies/ruby-2.2.1/lib/ruby/2.2.0/webrick/httpserver.rb:94:in `run'
  /Users/davidperel/.rvm/rubies/ruby-2.2.1/lib/ruby/2.2.0/webrick/server.rb:294:in `block in start_thread'


  Rendered /Users/davidperel/.rvm/gems/ruby-2.2.1/gems/actionpack-4.2.0/lib/action_dispatch/middleware/templates/rescues/_trace.html.erb (1.1ms)
  Rendered /Users/davidperel/.rvm/gems/ruby-2.2.1/gems/actionpack-4.2.0/lib/action_dispatch/middleware/templates/routes/_route.html.erb (3.0ms)
  Rendered /Users/davidperel/.rvm/gems/ruby-2.2.1/gems/actionpack-4.2.0/lib/action_dispatch/middleware/templates/routes/_table.html.erb (2.0ms)
  Rendered /Users/davidperel/.rvm/gems/ruby-2.2.1/gems/actionpack-4.2.0/lib/action_dispatch/middleware/templates/rescues/_request_and_response.html.erb (4.1ms)
  Rendered /Users/davidperel/.rvm/gems/ruby-2.2.1/gems/actionpack-4.2.0/lib/action_dispatch/middleware/templates/rescues/routing_error.html.erb within rescues/layout (106.3ms)
  Rendered /Users/davidperel/.rvm/gems/ruby-2.2.1/gems/web-console-2.2.1/lib/web_console/templates/_markup.html.erb (0.5ms)
  Rendered /Users/davidperel/.rvm/gems/ruby-2.2.1/gems/web-console-2.2.1/lib/web_console/templates/_inner_console_markup.html.erb within layouts/inlined_string (0.5ms)
  Rendered /Users/davidperel/.rvm/gems/ruby-2.2.1/gems/web-console-2.2.1/lib/web_console/templates/_prompt_box_markup.html.erb within layouts/inlined_string (0.5ms)
  Rendered /Users/davidperel/.rvm/gems/ruby-2.2.1/gems/web-console-2.2.1/lib/web_console/templates/style.css.erb within layouts/inlined_string (0.3ms)
  Rendered /Users/davidperel/.rvm/gems/ruby-2.2.1/gems/web-console-2.2.1/lib/web_console/templates/console.js.erb within layouts/javascript (55.9ms)
  Rendered /Users/davidperel/.rvm/gems/ruby-2.2.1/gems/web-console-2.2.1/lib/web_console/templates/main.js.erb within layouts/javascript (0.3ms)
  Rendered /Users/davidperel/.rvm/gems/ruby-2.2.1/gems/web-console-2.2.1/lib/web_console/templates/error_page.js.erb within layouts/javascript (1.2ms)
  Rendered /Users/davidperel/.rvm/gems/ruby-2.2.1/gems/web-console-2.2.1/lib/web_console/templates/index.html.erb (124.9ms)


Started GET "/fonts/fontawesome-webfont.svg?v=4.3.0" for ::1 at 2015-08-11 13:08:23 -0400

ActionController::RoutingError (No route matches [GET] "/fonts/fontawesome-webfont.svg"):
  actionpack (4.2.0) lib/action_dispatch/middleware/debug_exceptions.rb:21:in `call'
  web-console (2.2.1) lib/web_console/middleware.rb:39:in `call'
  actionpack (4.2.0) lib/action_dispatch/middleware/show_exceptions.rb:30:in `call'
  railties (4.2.0) lib/rails/rack/logger.rb:38:in `call_app'
  railties (4.2.0) lib/rails/rack/logger.rb:20:in `block in call'
  activesupport (4.2.0) lib/active_support/tagged_logging.rb:68:in `block in tagged'
  activesupport (4.2.0) lib/active_support/tagged_logging.rb:26:in `tagged'
  activesupport (4.2.0) lib/active_support/tagged_logging.rb:68:in `tagged'
  railties (4.2.0) lib/rails/rack/logger.rb:20:in `call'
  actionpack (4.2.0) lib/action_dispatch/middleware/request_id.rb:21:in `call'
  rack (1.6.4) lib/rack/methodoverride.rb:22:in `call'
  rack (1.6.4) lib/rack/runtime.rb:18:in `call'
  activesupport (4.2.0) lib/active_support/cache/strategy/local_cache_middleware.rb:28:in `call'
  rack (1.6.4) lib/rack/lock.rb:17:in `call'
  actionpack (4.2.0) lib/action_dispatch/middleware/static.rb:113:in `call'
  rack (1.6.4) lib/rack/sendfile.rb:113:in `call'
  railties (4.2.0) lib/rails/engine.rb:518:in `call'
  railties (4.2.0) lib/rails/application.rb:164:in `call'
  rack (1.6.4) lib/rack/lock.rb:17:in `call'
  rack (1.6.4) lib/rack/content_length.rb:15:in `call'
  rack (1.6.4) lib/rack/handler/webrick.rb:88:in `service'
  /Users/davidperel/.rvm/rubies/ruby-2.2.1/lib/ruby/2.2.0/webrick/httpserver.rb:138:in `service'
  /Users/davidperel/.rvm/rubies/ruby-2.2.1/lib/ruby/2.2.0/webrick/httpserver.rb:94:in `run'
  /Users/davidperel/.rvm/rubies/ruby-2.2.1/lib/ruby/2.2.0/webrick/server.rb:294:in `block in start_thread'


  Rendered /Users/davidperel/.rvm/gems/ruby-2.2.1/gems/actionpack-4.2.0/lib/action_dispatch/middleware/templates/rescues/_trace.html.erb (1.6ms)
  Rendered /Users/davidperel/.rvm/gems/ruby-2.2.1/gems/actionpack-4.2.0/lib/action_dispatch/middleware/templates/routes/_route.html.erb (3.2ms)
  Rendered /Users/davidperel/.rvm/gems/ruby-2.2.1/gems/actionpack-4.2.0/lib/action_dispatch/middleware/templates/routes/_table.html.erb (1.4ms)
  Rendered /Users/davidperel/.rvm/gems/ruby-2.2.1/gems/actionpack-4.2.0/lib/action_dispatch/middleware/templates/rescues/_request_and_response.html.erb (1.3ms)
  Rendered /Users/davidperel/.rvm/gems/ruby-2.2.1/gems/actionpack-4.2.0/lib/action_dispatch/middleware/templates/rescues/routing_error.html.erb within rescues/layout (81.3ms)
  Rendered /Users/davidperel/.rvm/gems/ruby-2.2.1/gems/web-console-2.2.1/lib/web_console/templates/_markup.html.erb (0.4ms)
  Rendered /Users/davidperel/.rvm/gems/ruby-2.2.1/gems/web-console-2.2.1/lib/web_console/templates/_inner_console_markup.html.erb within layouts/inlined_string (0.4ms)
  Rendered /Users/davidperel/.rvm/gems/ruby-2.2.1/gems/web-console-2.2.1/lib/web_console/templates/_prompt_box_markup.html.erb within layouts/inlined_string (0.4ms)
  Rendered /Users/davidperel/.rvm/gems/ruby-2.2.1/gems/web-console-2.2.1/lib/web_console/templates/style.css.erb within layouts/inlined_string (0.4ms)
  Rendered /Users/davidperel/.rvm/gems/ruby-2.2.1/gems/web-console-2.2.1/lib/web_console/templates/console.js.erb within layouts/javascript (44.6ms)
  Rendered /Users/davidperel/.rvm/gems/ruby-2.2.1/gems/web-console-2.2.1/lib/web_console/templates/main.js.erb within layouts/javascript (0.3ms)
  Rendered /Users/davidperel/.rvm/gems/ruby-2.2.1/gems/web-console-2.2.1/lib/web_console/templates/error_page.js.erb within layouts/javascript (0.4ms)
  Rendered /Users/davidperel/.rvm/gems/ruby-2.2.1/gems/web-console-2.2.1/lib/web_console/templates/index.html.erb (97.3ms)


Started GET "/fonts/et-line.svg" for ::1 at 2015-08-11 13:08:23 -0400

ActionController::RoutingError (No route matches [GET] "/fonts/et-line.svg"):
  actionpack (4.2.0) lib/action_dispatch/middleware/debug_exceptions.rb:21:in `call'
  web-console (2.2.1) lib/web_console/middleware.rb:39:in `call'
  actionpack (4.2.0) lib/action_dispatch/middleware/show_exceptions.rb:30:in `call'
  railties (4.2.0) lib/rails/rack/logger.rb:38:in `call_app'
  railties (4.2.0) lib/rails/rack/logger.rb:20:in `block in call'
  activesupport (4.2.0) lib/active_support/tagged_logging.rb:68:in `block in tagged'
  activesupport (4.2.0) lib/active_support/tagged_logging.rb:26:in `tagged'
  activesupport (4.2.0) lib/active_support/tagged_logging.rb:68:in `tagged'
  railties (4.2.0) lib/rails/rack/logger.rb:20:in `call'
  actionpack (4.2.0) lib/action_dispatch/middleware/request_id.rb:21:in `call'
  rack (1.6.4) lib/rack/methodoverride.rb:22:in `call'
  rack (1.6.4) lib/rack/runtime.rb:18:in `call'
  activesupport (4.2.0) lib/active_support/cache/strategy/local_cache_middleware.rb:28:in `call'
  rack (1.6.4) lib/rack/lock.rb:17:in `call'
  actionpack (4.2.0) lib/action_dispatch/middleware/static.rb:113:in `call'
  rack (1.6.4) lib/rack/sendfile.rb:113:in `call'
  railties (4.2.0) lib/rails/engine.rb:518:in `call'
  railties (4.2.0) lib/rails/application.rb:164:in `call'
  rack (1.6.4) lib/rack/lock.rb:17:in `call'
  rack (1.6.4) lib/rack/content_length.rb:15:in `call'
  rack (1.6.4) lib/rack/handler/webrick.rb:88:in `service'
  /Users/davidperel/.rvm/rubies/ruby-2.2.1/lib/ruby/2.2.0/webrick/httpserver.rb:138:in `service'
  /Users/davidperel/.rvm/rubies/ruby-2.2.1/lib/ruby/2.2.0/webrick/httpserver.rb:94:in `run'
  /Users/davidperel/.rvm/rubies/ruby-2.2.1/lib/ruby/2.2.0/webrick/server.rb:294:in `block in start_thread'


  Rendered /Users/davidperel/.rvm/gems/ruby-2.2.1/gems/actionpack-4.2.0/lib/action_dispatch/middleware/templates/rescues/_trace.html.erb (1.3ms)
  Rendered /Users/davidperel/.rvm/gems/ruby-2.2.1/gems/actionpack-4.2.0/lib/action_dispatch/middleware/templates/routes/_route.html.erb (3.4ms)
  Rendered /Users/davidperel/.rvm/gems/ruby-2.2.1/gems/actionpack-4.2.0/lib/action_dispatch/middleware/templates/routes/_table.html.erb (1.3ms)
  Rendered /Users/davidperel/.rvm/gems/ruby-2.2.1/gems/actionpack-4.2.0/lib/action_dispatch/middleware/templates/rescues/_request_and_response.html.erb (1.3ms)
  Rendered /Users/davidperel/.rvm/gems/ruby-2.2.1/gems/actionpack-4.2.0/lib/action_dispatch/middleware/templates/rescues/routing_error.html.erb within rescues/layout (85.3ms)
  Rendered /Users/davidperel/.rvm/gems/ruby-2.2.1/gems/web-console-2.2.1/lib/web_console/templates/_markup.html.erb (0.4ms)
  Rendered /Users/davidperel/.rvm/gems/ruby-2.2.1/gems/web-console-2.2.1/lib/web_console/templates/_inner_console_markup.html.erb within layouts/inlined_string (0.3ms)
  Rendered /Users/davidperel/.rvm/gems/ruby-2.2.1/gems/web-console-2.2.1/lib/web_console/templates/_prompt_box_markup.html.erb within layouts/inlined_string (0.3ms)
  Rendered /Users/davidperel/.rvm/gems/ruby-2.2.1/gems/web-console-2.2.1/lib/web_console/templates/style.css.erb within layouts/inlined_string (0.4ms)
  Rendered /Users/davidperel/.rvm/gems/ruby-2.2.1/gems/web-console-2.2.1/lib/web_console/templates/console.js.erb within layouts/javascript (46.7ms)
  Rendered /Users/davidperel/.rvm/gems/ruby-2.2.1/gems/web-console-2.2.1/lib/web_console/templates/main.js.erb within layouts/javascript (0.3ms)
  Rendered /Users/davidperel/.rvm/gems/ruby-2.2.1/gems/web-console-2.2.1/lib/web_console/templates/error_page.js.erb within layouts/javascript (0.4ms)
  Rendered /Users/davidperel/.rvm/gems/ruby-2.2.1/gems/web-console-2.2.1/lib/web_console/templates/index.html.erb (103.8ms)


Started GET "/users/10" for ::1 at 2015-08-11 13:08:28 -0400
Processing by UsersController#show as HTML
  Parameters: {"id"=>"10"}
  [1m[36mUser Load (0.1ms)[0m  [1mSELECT  "users".* FROM "users" WHERE "users"."id" = ?  ORDER BY "users"."id" ASC LIMIT 1[0m  [["id", 10]]
  [1m[35m (0.1ms)[0m  begin transaction
  [1m[36m (0.1ms)[0m  [1mrollback transaction[0m
  [1m[35m (0.2ms)[0m  SELECT COUNT(*) FROM "addresses" WHERE "addresses"."user_id" = ?  [["user_id", 10]]
  [1m[36mAddress Load (0.2ms)[0m  [1mSELECT  "addresses".* FROM "addresses" WHERE "addresses"."user_id" = ?  ORDER BY "addresses"."id" DESC LIMIT 1[0m  [["user_id", 10]]
  [1m[35mCACHE (0.0ms)[0m  SELECT  "addresses".* FROM "addresses" WHERE "addresses"."user_id" = ?  ORDER BY "addresses"."id" DESC LIMIT 1  [["user_id", 10]]
  [1m[36mCACHE (0.0ms)[0m  [1mSELECT  "addresses".* FROM "addresses" WHERE "addresses"."user_id" = ?  ORDER BY "addresses"."id" DESC LIMIT 1[0m  [["user_id", 10]]
  [1m[35mCACHE (0.0ms)[0m  SELECT  "addresses".* FROM "addresses" WHERE "addresses"."user_id" = ?  ORDER BY "addresses"."id" DESC LIMIT 1  [["user_id", 10]]
  [1m[36mCACHE (0.0ms)[0m  [1mSELECT  "addresses".* FROM "addresses" WHERE "addresses"."user_id" = ?  ORDER BY "addresses"."id" DESC LIMIT 1[0m  [["user_id", 10]]
  [1m[35mCACHE (0.0ms)[0m  SELECT  "addresses".* FROM "addresses" WHERE "addresses"."user_id" = ?  ORDER BY "addresses"."id" DESC LIMIT 1  [["user_id", 10]]
  [1m[36mAddress Load (0.4ms)[0m  [1mSELECT "addresses".* FROM "addresses" WHERE "addresses"."user_id" = ? AND "addresses"."is_sold" = 'f'[0m  [["user_id", 10]]
  [1m[35mUser Load (0.2ms)[0m  SELECT "users".* FROM "users"
  [1m[36mAddress Load (0.3ms)[0m  [1mSELECT "addresses".* FROM "addresses" WHERE "addresses"."user_id" = ? AND "addresses"."is_sold" = 't'[0m  [["user_id", 10]]
  Rendered users/show.html.erb within layouts/application (68.9ms)
Completed 200 OK in 808ms (Views: 495.3ms | ActiveRecord: 2.0ms)


Started GET "/assets/bottle_open.jpg" for ::1 at 2015-08-11 13:08:29 -0400


Started POST "/histories" for ::1 at 2015-08-11 13:08:34 -0400
Processing by HistoriesController#create as HTML
  Parameters: {"utf8"=>"✓", "authenticity_token"=>"aWhUuOoKk5QOGgP8bhPRDycTzT48qTSHB4jf148l3fdJ8daHOfjUiP7EsJDuAiPpuJLBm7ndmgMZDvlK5EXKLg==", "address"=>{"sending_btc_address"=>"mfcz1KhYixy1JMTwUC5n6Q3xooDjJ5tL8Y"}, "commit"=>"Get History"}
  [1m[35mAddress Load (0.4ms)[0m  SELECT "addresses".* FROM "addresses" WHERE "addresses"."btc_address" = ?  [["btc_address", "mfcz1KhYixy1JMTwUC5n6Q3xooDjJ5tL8Y"]]
  [1m[36mAddress Load (0.2ms)[0m  [1mSELECT "addresses".* FROM "addresses" WHERE "addresses"."btc_address" = ?[0m  [["btc_address", "n3ugKnSj1c779NWfGuQbnABNCRJdDitC7w"]]
  [1m[35mAddress Load (0.2ms)[0m  SELECT "addresses".* FROM "addresses" WHERE "addresses"."btc_address" = ?  [["btc_address", "WINE FAUCET"]]
  Rendered histories/create.html.erb within layouts/application (0.7ms)
Completed 200 OK in 1380ms (Views: 427.5ms | ActiveRecord: 0.7ms)


Started GET "/assets/slider.css" for ::1 at 2015-08-11 13:08:35 -0400


Started GET "/users/10" for ::1 at 2015-08-11 13:08:41 -0400
Processing by UsersController#show as HTML
  Parameters: {"id"=>"10"}
  [1m[36mUser Load (0.3ms)[0m  [1mSELECT  "users".* FROM "users" WHERE "users"."id" = ?  ORDER BY "users"."id" ASC LIMIT 1[0m  [["id", 10]]
  [1m[35m (0.1ms)[0m  begin transaction
  [1m[36m (0.1ms)[0m  [1mrollback transaction[0m
  [1m[35m (0.1ms)[0m  SELECT COUNT(*) FROM "addresses" WHERE "addresses"."user_id" = ?  [["user_id", 10]]
  [1m[36mAddress Load (0.1ms)[0m  [1mSELECT  "addresses".* FROM "addresses" WHERE "addresses"."user_id" = ?  ORDER BY "addresses"."id" DESC LIMIT 1[0m  [["user_id", 10]]
  [1m[35mCACHE (0.0ms)[0m  SELECT  "addresses".* FROM "addresses" WHERE "addresses"."user_id" = ?  ORDER BY "addresses"."id" DESC LIMIT 1  [["user_id", 10]]
  [1m[36mCACHE (0.0ms)[0m  [1mSELECT  "addresses".* FROM "addresses" WHERE "addresses"."user_id" = ?  ORDER BY "addresses"."id" DESC LIMIT 1[0m  [["user_id", 10]]
  [1m[35mCACHE (0.0ms)[0m  SELECT  "addresses".* FROM "addresses" WHERE "addresses"."user_id" = ?  ORDER BY "addresses"."id" DESC LIMIT 1  [["user_id", 10]]
  [1m[36mCACHE (0.0ms)[0m  [1mSELECT  "addresses".* FROM "addresses" WHERE "addresses"."user_id" = ?  ORDER BY "addresses"."id" DESC LIMIT 1[0m  [["user_id", 10]]
  [1m[35mCACHE (0.1ms)[0m  SELECT  "addresses".* FROM "addresses" WHERE "addresses"."user_id" = ?  ORDER BY "addresses"."id" DESC LIMIT 1  [["user_id", 10]]
  [1m[36mAddress Load (0.2ms)[0m  [1mSELECT "addresses".* FROM "addresses" WHERE "addresses"."user_id" = ? AND "addresses"."is_sold" = 'f'[0m  [["user_id", 10]]
  [1m[35mUser Load (0.2ms)[0m  SELECT "users".* FROM "users"
  [1m[36mAddress Load (0.2ms)[0m  [1mSELECT "addresses".* FROM "addresses" WHERE "addresses"."user_id" = ? AND "addresses"."is_sold" = 't'[0m  [["user_id", 10]]
  Rendered users/show.html.erb within layouts/application (56.1ms)
Completed 200 OK in 523ms (Views: 509.3ms | ActiveRecord: 1.3ms)


Started POST "/histories" for ::1 at 2015-08-11 13:08:47 -0400
Processing by HistoriesController#create as HTML
  Parameters: {"utf8"=>"✓", "authenticity_token"=>"qj82CZGLDm8vjm9S8j7a/kKdfwnZvkwQfcA9N6K3ORWKprQ2QnlJc99Q3D5yLygY3RxzrFzK4pRjRhuqydcuzA==", "address"=>{"sending_btc_address"=>"mtw9Fv62qL1yMvticA3Bx8WxW2Cc5pKyVG"}, "commit"=>"Get History"}
  [1m[35mAddress Load (0.1ms)[0m  SELECT "addresses".* FROM "addresses" WHERE "addresses"."btc_address" = ?  [["btc_address", "mtw9Fv62qL1yMvticA3Bx8WxW2Cc5pKyVG"]]
  [1m[36mAddress Load (0.1ms)[0m  [1mSELECT "addresses".* FROM "addresses" WHERE "addresses"."btc_address" = ?[0m  [["btc_address", "mroQ9q5GzYe7DixZkbiWK6UGxs6DXZLC7H"]]
  [1m[35mAddress Load (0.1ms)[0m  SELECT "addresses".* FROM "addresses" WHERE "addresses"."btc_address" = ?  [["btc_address", "mwdhUW8un8N6Qi27CfKLjxmgk2N478eNaK"]]
  [1m[36mAddress Load (0.1ms)[0m  [1mSELECT "addresses".* FROM "addresses" WHERE "addresses"."btc_address" = ?[0m  [["btc_address", "WINE FAUCET"]]
  Rendered histories/create.html.erb within layouts/application (0.1ms)
Completed 200 OK in 1491ms (Views: 413.4ms | ActiveRecord: 0.4ms)


Started GET "/assets/slider.css" for ::1 at 2015-08-11 13:08:48 -0400


Started POST "/histories" for ::1 at 2015-08-11 13:08:56 -0400
Processing by HistoriesController#create as HTML
  Parameters: {"utf8"=>"✓", "authenticity_token"=>"CyyoryzF9ZCDjxi6WbGr1nL5njXDbTvrGOxjhQH2BvgrtSqQ/zeyjHNRq9bZoFkw7XiSkEYZlW8GakUYapYRIQ==", "address"=>{"sending_btc_address"=>"mztgfuHK3aW9jvkTTJsCczRF4yGnD7xHoz"}, "commit"=>"Get History"}
  [1m[35mAddress Load (0.2ms)[0m  SELECT "addresses".* FROM "addresses" WHERE "addresses"."btc_address" = ?  [["btc_address", "mztgfuHK3aW9jvkTTJsCczRF4yGnD7xHoz"]]
  [1m[36mAddress Load (0.2ms)[0m  [1mSELECT "addresses".* FROM "addresses" WHERE "addresses"."btc_address" = ?[0m  [["btc_address", "mjKHs4xpJofAgAvwk9izk2wQSWT6opHG7h"]]
  [1m[35mAddress Load (0.2ms)[0m  SELECT "addresses".* FROM "addresses" WHERE "addresses"."btc_address" = ?  [["btc_address", "mk4zDEXqBjiS26QJNMVDMvA3BQtvtd6geE"]]
  [1m[36mAddress Load (0.2ms)[0m  [1mSELECT "addresses".* FROM "addresses" WHERE "addresses"."btc_address" = ?[0m  [["btc_address", "mnHPCwR2zto3WjLoq9h6mmX4eNZphdyaER"]]
  [1m[35mAddress Load (0.2ms)[0m  SELECT "addresses".* FROM "addresses" WHERE "addresses"."btc_address" = ?  [["btc_address", "mha7C8LYtRFuKXw75LYgD3C2hxajtyDqzU"]]
  [1m[36mAddress Load (0.3ms)[0m  [1mSELECT "addresses".* FROM "addresses" WHERE "addresses"."btc_address" = ?[0m  [["btc_address", "myhFLW1yqCSCNUchmwQYcHp9vmJ7kQNrjU"]]
  [1m[35mAddress Load (0.2ms)[0m  SELECT "addresses".* FROM "addresses" WHERE "addresses"."btc_address" = ?  [["btc_address", "mzDmndiF52isUcz4ywamwyFYeTynpZvC7b"]]
  [1m[36mAddress Load (0.1ms)[0m  [1mSELECT "addresses".* FROM "addresses" WHERE "addresses"."btc_address" = ?[0m  [["btc_address", "WINE FAUCET"]]
  Rendered histories/create.html.erb within layouts/application (0.1ms)
Completed 200 OK in 2120ms (Views: 406.5ms | ActiveRecord: 1.6ms)


Started GET "/assets/slider.css" for ::1 at 2015-08-11 13:08:59 -0400
